# JRE version: OpenJDK Runtime Environment (8.0_242-b01) (build 1.8.0_242-release-1644-b01)
# Java VM: OpenJDK 64-Bit Server VM (25.242-b01 mixed mode windows-amd64 compressed oops)
Heap:
 PSYoungGen      total 153600K, used 53656K [0x00000000d5580000, 0x00000000dfc80000, 0x0000000100000000)
  eden space 139776K, 29% used [0x00000000d5580000,0x00000000d7d20390,0x00000000dde00000)
  from space 13824K, 94% used [0x00000000dde00000,0x00000000deac5e38,0x00000000deb80000)
  to   space 13312K, 0% used [0x00000000deb80000,0x00000000deb80000,0x00000000df880000)
 ParOldGen       total 84480K, used 32843K [0x0000000080000000, 0x0000000085280000, 0x00000000d5580000)
  object space 84480K, 38% used [0x0000000080000000,0x0000000082012fe8,0x0000000085280000)
 Metaspace       used 63954K, capacity 66638K, committed 66776K, reserved 1105920K
  class space    used 8781K, capacity 9346K, committed 9472K, reserved 1048576K
GC Heap History (10 events):
Event: 73.015 GC heap before
{Heap before GC invocations=16 (full 2):
 PSYoungGen      total 86016K, used 78336K [0x00000000d5580000, 0x00000000dcd80000, 0x0000000100000000)
  eden space 78336K, 100% used [0x00000000d5580000,0x00000000da200000,0x00000000da200000)
  from space 7680K, 0% used [0x00000000da200000,0x00000000da200000,0x00000000da980000)
  to   space 7680K, 0% used [0x00000000dc600000,0x00000000dc600000,0x00000000dcd80000)
 ParOldGen       total 52736K, used 15297K [0x0000000080000000, 0x0000000083380000, 0x00000000d5580000)
  object space 52736K, 29% used [0x0000000080000000,0x0000000080ef0668,0x0000000083380000)
 Metaspace       used 40805K, capacity 42160K, committed 42456K, reserved 1085440K
  class space    used 5565K, capacity 5860K, committed 5888K, reserved 1048576K
Event: 76.810 GC heap after
Heap after GC invocations=16 (full 2):
 PSYoungGen      total 113664K, used 7658K [0x00000000d5580000, 0x00000000dcf80000, 0x0000000100000000)
  eden space 105984K, 0% used [0x00000000d5580000,0x00000000d5580000,0x00000000dbd00000)
  from space 7680K, 99% used [0x00000000dc600000,0x00000000dcd7abf0,0x00000000dcd80000)
  to   space 9216K, 0% used [0x00000000dbd00000,0x00000000dbd00000,0x00000000dc600000)
 ParOldGen       total 52736K, used 16854K [0x0000000080000000, 0x0000000083380000, 0x00000000d5580000)
  object space 52736K, 31% used [0x0000000080000000,0x00000000810758a8,0x0000000083380000)
 Metaspace       used 40805K, capacity 42160K, committed 42456K, reserved 1085440K
  class space    used 5565K, capacity 5860K, committed 5888K, reserved 1048576K
}
Event: 94.299 GC heap before
{Heap before GC invocations=17 (full 2):
 PSYoungGen      total 113664K, used 113642K [0x00000000d5580000, 0x00000000dcf80000, 0x0000000100000000)
  eden space 105984K, 100% used [0x00000000d5580000,0x00000000dbd00000,0x00000000dbd00000)
  from space 7680K, 99% used [0x00000000dc600000,0x00000000dcd7abf0,0x00000000dcd80000)
  to   space 9216K, 0% used [0x00000000dbd00000,0x00000000dbd00000,0x00000000dc600000)
 ParOldGen       total 52736K, used 16854K [0x0000000080000000, 0x0000000083380000, 0x00000000d5580000)
  object space 52736K, 31% used [0x0000000080000000,0x00000000810758a8,0x0000000083380000)
 Metaspace       used 49581K, capacity 51240K, committed 51544K, reserved 1093632K
  class space    used 6629K, capacity 7039K, committed 7040K, reserved 1048576K
Event: 94.419 GC heap after
Heap after GC invocations=17 (full 2):
 PSYoungGen      total 115200K, used 9211K [0x00000000d5580000, 0x00000000df880000, 0x0000000100000000)
  eden space 105984K, 0% used [0x00000000d5580000,0x00000000d5580000,0x00000000dbd00000)
  from space 9216K, 99% used [0x00000000dbd00000,0x00000000dc5fee48,0x00000000dc600000)
  to   space 13312K, 0% used [0x00000000deb80000,0x00000000deb80000,0x00000000df880000)
 ParOldGen       total 52736K, used 25400K [0x0000000080000000, 0x0000000083380000, 0x00000000d5580000)
  object space 52736K, 48% used [0x0000000080000000,0x00000000818ce350,0x0000000083380000)
 Metaspace       used 49581K, capacity 51240K, committed 51544K, reserved 1093632K
  class space    used 6629K, capacity 7039K, committed 7040K, reserved 1048576K
}
Event: 102.448 GC heap before
{Heap before GC invocations=18 (full 2):
 PSYoungGen      total 115200K, used 88405K [0x00000000d5580000, 0x00000000df880000, 0x0000000100000000)
  eden space 105984K, 74% used [0x00000000d5580000,0x00000000da2d68a0,0x00000000dbd00000)
  from space 9216K, 99% used [0x00000000dbd00000,0x00000000dc5fee48,0x00000000dc600000)
  to   space 13312K, 0% used [0x00000000deb80000,0x00000000deb80000,0x00000000df880000)
 ParOldGen       total 52736K, used 25400K [0x0000000080000000, 0x0000000083380000, 0x00000000d5580000)
  object space 52736K, 48% used [0x0000000080000000,0x00000000818ce350,0x0000000083380000)
 Metaspace       used 56858K, capacity 58914K, committed 58968K, reserved 1099776K
  class space    used 7795K, capacity 8276K, committed 8320K, reserved 1048576K
Event: 102.858 GC heap after
Heap after GC invocations=18 (full 2):
 PSYoungGen      total 153088K, used 9106K [0x00000000d5580000, 0x00000000dfc80000, 0x0000000100000000)
  eden space 139776K, 0% used [0x00000000d5580000,0x00000000d5580000,0x00000000dde00000)
  from space 13312K, 68% used [0x00000000deb80000,0x00000000df464988,0x00000000df880000)
  to   space 13824K, 0% used [0x00000000dde00000,0x00000000dde00000,0x00000000deb80000)
 ParOldGen       total 52736K, used 32752K [0x0000000080000000, 0x0000000083380000, 0x00000000d5580000)
  object space 52736K, 62% used [0x0000000080000000,0x0000000081ffc250,0x0000000083380000)
 Metaspace       used 56858K, capacity 58914K, committed 58968K, reserved 1099776K
  class space    used 7795K, capacity 8276K, committed 8320K, reserved 1048576K
}
Event: 102.870 GC heap before
{Heap before GC invocations=19 (full 3):
 PSYoungGen      total 153088K, used 9106K [0x00000000d5580000, 0x00000000dfc80000, 0x0000000100000000)
  eden space 139776K, 0% used [0x00000000d5580000,0x00000000d5580000,0x00000000dde00000)
  from space 13312K, 68% used [0x00000000deb80000,0x00000000df464988,0x00000000df880000)
  to   space 13824K, 0% used [0x00000000dde00000,0x00000000dde00000,0x00000000deb80000)
 ParOldGen       total 52736K, used 32752K [0x0000000080000000, 0x0000000083380000, 0x00000000d5580000)
  object space 52736K, 62% used [0x0000000080000000,0x0000000081ffc250,0x0000000083380000)
 Metaspace       used 56858K, capacity 58914K, committed 58968K, reserved 1099776K
  class space    used 7795K, capacity 8276K, committed 8320K, reserved 1048576K
Event: 105.568 GC heap after
Heap after GC invocations=19 (full 3):
 PSYoungGen      total 153088K, used 0K [0x00000000d5580000, 0x00000000dfc80000, 0x0000000100000000)
  eden space 139776K, 0% used [0x00000000d5580000,0x00000000d5580000,0x00000000dde00000)
  from space 13312K, 0% used [0x00000000deb80000,0x00000000deb80000,0x00000000df880000)
  to   space 13824K, 0% used [0x00000000dde00000,0x00000000dde00000,0x00000000deb80000)
 ParOldGen       total 84480K, used 32835K [0x0000000080000000, 0x0000000085280000, 0x00000000d5580000)
  object space 84480K, 38% used [0x0000000080000000,0x0000000082010fe8,0x0000000085280000)
 Metaspace       used 56850K, capacity 58890K, committed 58968K, reserved 1099776K
  class space    used 7793K, capacity 8272K, committed 8320K, reserved 1048576K
}
Event: 272.924 GC heap before
{Heap before GC invocations=20 (full 3):
 PSYoungGen      total 153088K, used 139776K [0x00000000d5580000, 0x00000000dfc80000, 0x0000000100000000)
  eden space 139776K, 100% used [0x00000000d5580000,0x00000000dde00000,0x00000000dde00000)
  from space 13312K, 0% used [0x00000000deb80000,0x00000000deb80000,0x00000000df880000)
  to   space 13824K, 0% used [0x00000000dde00000,0x00000000dde00000,0x00000000deb80000)
 ParOldGen       total 84480K, used 32835K [0x0000000080000000, 0x0000000085280000, 0x00000000d5580000)
  object space 84480K, 38% used [0x0000000080000000,0x0000000082010fe8,0x0000000085280000)
 Metaspace       used 61976K, capacity 64622K, committed 64728K, reserved 1105920K
  class space    used 8541K, capacity 9122K, committed 9216K, reserved 1048576K
Event: 276.101 GC heap after
Heap after GC invocations=20 (full 3):
 PSYoungGen      total 153600K, used 13079K [0x00000000d5580000, 0x00000000dfc80000, 0x0000000100000000)
  eden space 139776K, 0% used [0x00000000d5580000,0x00000000d5580000,0x00000000dde00000)
  from space 13824K, 94% used [0x00000000dde00000,0x00000000deac5e38,0x00000000deb80000)
  to   space 13312K, 0% used [0x00000000deb80000,0x00000000deb80000,0x00000000df880000)
 ParOldGen       total 84480K, used 32843K [0x0000000080000000, 0x0000000085280000, 0x00000000d5580000)
  object space 84480K, 38% used [0x0000000080000000,0x0000000082012fe8,0x0000000085280000)
 Metaspace       used 61976K, capacity 64622K, committed 64728K, reserved 1105920K
  class space    used 8541K, capacity 9122K, committed 9216K, reserved 1048576K
}

